<?xml version="1.0" encoding="UTF-8"?>
<!-- Generated by org.testng.reporters.JUnitXMLReporter -->
<testsuite hostname="DESKTOP-UB9IT00" ignored="0" name="Validating Title Text" tests="1" failures="1" timestamp="19 Apr 2018 14:55:47 GMT" time="17.354" errors="0">
  <testcase name="landingPage" time="0.201" classname="Academy.validateTitle">
    <failure type="java.lang.AssertionError" message="expected [FEATURED COURSES] but found [FEATURED OURSES]">
      <![CDATA[java.lang.AssertionError: expected [FEATURED COURSES] but found [FEATURED OURSES]
at Academy.validateTitle.landingPage(validateTitle.java:35)
... Removed 31 stack frames]]>
    </failure>
  </testcase> <!-- landingPage -->
</testsuite> <!-- Validating Title Text -->
