<?xml version="1.0" encoding="UTF-8"?>
<!-- Generated by org.testng.reporters.JUnitXMLReporter -->
<testsuite hostname="DESKTOP-UB9IT00" ignored="0" name="Test" tests="3" failures="0" timestamp="17 Apr 2018 18:53:20 GMT" time="33.835" errors="0">
  <testcase name="landingPage" time="0.089" classname="Academy.validateTitle"/>
  <testcase name="landingPage" time="12.935" classname="Academy.HomePage"/>
  <testcase name="landingPage" time="4.427" classname="Academy.HomePage"/>
</testsuite> <!-- Test -->
