<?xml version="1.0" encoding="UTF-8"?>
<testng-results skipped="0" failed="0" ignored="0" total="2" passed="2">
  <reporter-output>
  </reporter-output>
  <suite name="Default suite" duration-ms="31372" started-at="2018-04-29T02:29:43Z" finished-at="2018-04-29T02:30:14Z">
    <groups>
    </groups>
    <test name="Default test" duration-ms="31372" started-at="2018-04-29T02:29:43Z" finished-at="2018-04-29T02:30:14Z">
      <class name="Academy.HomePage">
        <test-method status="PASS" signature="initialize()[pri:0, instance:Academy.HomePage@55b699ef]" name="initialize" is-config="true" duration-ms="4100" started-at="2018-04-29T02:29:43Z" finished-at="2018-04-29T02:29:47Z">
          <reporter-output>
          </reporter-output>
        </test-method> <!-- initialize -->
        <test-method status="PASS" signature="landingPage(java.lang.String, java.lang.String)[pri:0, instance:Academy.HomePage@55b699ef]" name="landingPage" duration-ms="20991" started-at="2018-04-29T02:29:47Z" data-provider="getData" finished-at="2018-04-29T02:30:08Z">
          <params>
            <param index="0">
              <value>
                <![CDATA[hello1@gmail.com]]>
              </value>
            </param>
            <param index="1">
              <value>
                <![CDATA[123456]]>
              </value>
            </param>
          </params>
          <reporter-output>
          </reporter-output>
        </test-method> <!-- landingPage -->
        <test-method status="PASS" signature="landingPage(java.lang.String, java.lang.String)[pri:0, instance:Academy.HomePage@55b699ef]" name="landingPage" duration-ms="4164" started-at="2018-04-29T02:30:08Z" data-provider="getData" finished-at="2018-04-29T02:30:12Z">
          <params>
            <param index="0">
              <value>
                <![CDATA[hello2]]>
              </value>
            </param>
            <param index="1">
              <value>
                <![CDATA[567347]]>
              </value>
            </param>
          </params>
          <reporter-output>
          </reporter-output>
        </test-method> <!-- landingPage -->
        <test-method status="PASS" signature="teardown()[pri:0, instance:Academy.HomePage@55b699ef]" name="teardown" is-config="true" duration-ms="2085" started-at="2018-04-29T02:30:12Z" finished-at="2018-04-29T02:30:14Z">
          <reporter-output>
          </reporter-output>
        </test-method> <!-- teardown -->
      </class> <!-- Academy.HomePage -->
    </test> <!-- Default test -->
  </suite> <!-- Default suite -->
</testng-results>
